<?xml version="1.0" encoding="UTF-8"?>
<!-- Generated by org.testng.reporters.JUnitReportReporter -->
<testsuite hostname="DESKTOP-T5HEN8I" failures="0" tests="1" name="Test.BNSPageTest" time="5.114" errors="0" timestamp="26 May 2020 22:40:06 GMT" skipped="0">
  <testcase classname="Test.BNSPageTest" name="bnsSignup" time="5.114"/>
</testsuite> <!-- Test.BNSPageTest -->
