<?xml version="1.0" encoding="UTF-8"?>
<!-- Generated by org.testng.reporters.JUnitReportReporter -->
<testsuite hostname="DESKTOP-T5HEN8I" failures="0" tests="3" name="Test.superTechPageTest" time="16.192" errors="0" timestamp="21 May 2020 21:51:44 GMT" skipped="0">
  <testcase classname="Test.superTechPageTest" name="SuperTech" time="5.523"/>
  <testcase classname="Test.superTechPageTest" name="googleTest" time="6.125"/>
  <testcase classname="Test.superTechPageTest" name="iframeTest" time="4.544"/>
</testsuite> <!-- Test.superTechPageTest -->
