<?xml version="1.0" encoding="UTF-8"?>
<!-- Generated by org.testng.reporters.JUnitReportReporter -->
<testsuite hostname="DESKTOP-T5HEN8I" failures="0" tests="1" name="pack1.HowToGetCurrentUrl" time="1.859" errors="0" timestamp="31 Mar 2020 23:38:25 GMT" skipped="0">
  <testcase classname="pack1.HowToGetCurrentUrl" name="getCurrentUrl" time="1.859"/>
</testsuite> <!-- pack1.HowToGetCurrentUrl -->
