<?xml version="1.0" encoding="UTF-8"?>
<!-- Generated by org.testng.reporters.JUnitReportReporter -->
<testsuite hostname="DESKTOP-T5HEN8I" failures="0" tests="1" name="pack1.HowToHandleSubmenu" time="8.387" errors="0" timestamp="07 Apr 2020 20:49:33 GMT" skipped="0">
  <testcase classname="pack1.HowToHandleSubmenu" name="SubmenuHandling" time="8.387"/>
</testsuite> <!-- pack1.HowToHandleSubmenu -->
