<?xml version="1.0" encoding="UTF-8"?>
<!-- Generated by org.testng.reporters.JUnitReportReporter -->
<testsuite hostname="DESKTOP-T5HEN8I" failures="0" tests="1" name="pack1.HowToGetText" time="2.160" errors="0" timestamp="31 Mar 2020 23:18:03 GMT" skipped="0">
  <testcase classname="pack1.HowToGetText" name="getText" time="2.160"/>
</testsuite> <!-- pack1.HowToGetText -->
