<?xml version="1.0" encoding="UTF-8"?>
<!-- Generated by org.testng.reporters.JUnitReportReporter -->
<testsuite hostname="DESKTOP-T5HEN8I" failures="0" tests="3" name="pack1.HowToHandleAlert" time="15.220" errors="0" timestamp="07 Apr 2020 22:17:17 GMT" skipped="0">
  <testcase classname="pack1.HowToHandleAlert" name="ShowConfirmBox" time="4.097"/>
  <testcase classname="pack1.HowToHandleAlert" name="ShowAlert" time="3.061"/>
  <testcase classname="pack1.HowToHandleAlert" name="showpromt" time="8.062"/>
</testsuite> <!-- pack1.HowToHandleAlert -->
