<?xml version="1.0" encoding="UTF-8"?>
<!-- Generated by org.testng.reporters.JUnitReportReporter -->
<testsuite hostname="DESKTOP-T5HEN8I" failures="0" tests="1" name="manualtoAutomation.HowToHandleHidenWebelement" time="5.201" errors="0" timestamp="28 Apr 2020 20:31:36 GMT" skipped="0">
  <testcase classname="manualtoAutomation.HowToHandleHidenWebelement" name="HandleHidenWebelement" time="5.201"/>
</testsuite> <!-- manualtoAutomation.HowToHandleHidenWebelement -->
