<?xml version="1.0" encoding="UTF-8"?>
<!-- Generated by org.testng.reporters.JUnitReportReporter -->
<testsuite hostname="DESKTOP-T5HEN8I" failures="0" tests="1" name="pack1.HowToUploadFile" time="4.087" errors="0" timestamp="09 Apr 2020 17:17:49 GMT" skipped="0">
  <testcase classname="pack1.HowToUploadFile" name="fileUpload" time="4.087"/>
</testsuite> <!-- pack1.HowToUploadFile -->
