<?xml version="1.0" encoding="UTF-8"?>
<!-- Generated by org.testng.reporters.JUnitReportReporter -->
<testsuite hostname="DESKTOP-T5HEN8I" failures="0" tests="1" name="pack1.HowToTakeScreenShot" time="5.779" errors="0" timestamp="31 Mar 2020 23:05:47 GMT" skipped="0">
  <testcase classname="pack1.HowToTakeScreenShot" name="takingScreenShot" time="5.779"/>
</testsuite> <!-- pack1.HowToTakeScreenShot -->
