<?xml version="1.0" encoding="UTF-8"?>
<!-- Generated by org.testng.reporters.JUnitReportReporter -->
<testsuite hostname="DESKTOP-T5HEN8I" failures="0" tests="2" name="manualtoAutomation.ManualTestConvertToAutomation" time="0.215" errors="0" timestamp="27 Apr 2020 21:28:18 GMT" skipped="0">
  <testcase classname="manualtoAutomation.ManualTestConvertToAutomation" name="VerifyTitile" time="0.025"/>
  <testcase classname="manualtoAutomation.ManualTestConvertToAutomation" name="VerifyScrollText" time="0.190"/>
</testsuite> <!-- manualtoAutomation.ManualTestConvertToAutomation -->
