<?xml version="1.0" encoding="UTF-8"?>
<!-- Generated by org.testng.reporters.JUnitReportReporter -->
<testsuite hostname="DESKTOP-T5HEN8I" failures="0" tests="1" name="pack1.HowToPerformDoubleClick" time="3.811" errors="0" timestamp="09 Apr 2020 17:07:32 GMT" skipped="0">
  <testcase classname="pack1.HowToPerformDoubleClick" name="doubleClick" time="3.811"/>
</testsuite> <!-- pack1.HowToPerformDoubleClick -->
