<?xml version="1.0" encoding="UTF-8"?>
<!-- Generated by org.testng.reporters.JUnitReportReporter -->
<testsuite hostname="DESKTOP-T5HEN8I" failures="0" tests="1" name="pack1.HowToCountLinkOnWebpage" time="46.979" errors="0" timestamp="19 Apr 2020 04:22:29 GMT" skipped="0">
  <testcase classname="pack1.HowToCountLinkOnWebpage" name="linkCounting" time="46.979"/>
</testsuite> <!-- pack1.HowToCountLinkOnWebpage -->
