<?xml version="1.0" encoding="UTF-8"?>
<!-- Generated by org.testng.reporters.JUnitReportReporter -->
<testsuite hostname="DESKTOP-T5HEN8I" failures="0" tests="1" name="manualtoAutomation.HowToFindDimensionWebelement" time="0.154" errors="0" timestamp="28 Apr 2020 20:40:41 GMT" skipped="0">
  <testcase classname="manualtoAutomation.HowToFindDimensionWebelement" name="FindDimensionWebelement" time="0.154"/>
</testsuite> <!-- manualtoAutomation.HowToFindDimensionWebelement -->
