<?xml version="1.0" encoding="UTF-8"?>
<!-- Generated by org.testng.reporters.JUnitReportReporter -->
<testsuite hostname="DESKTOP-T5HEN8I" failures="0" tests="1" name="manualtoAutomation.HowToFindPoinOfWebelement" time="0.129" errors="0" timestamp="28 Apr 2020 20:50:17 GMT" skipped="0">
  <testcase classname="manualtoAutomation.HowToFindPoinOfWebelement" name="FindPoinOfWebelement" time="0.129"/>
</testsuite> <!-- manualtoAutomation.HowToFindPoinOfWebelement -->
