<?xml version="1.0" encoding="UTF-8"?>
<!-- Generated by org.testng.reporters.JUnitReportReporter -->
<testsuite hostname="DESKTOP-T5HEN8I" failures="0" tests="1" name="pack1.HowToGetTitle" time="1.899" errors="0" timestamp="19 Apr 2020 04:20:41 GMT" skipped="0">
  <testcase classname="pack1.HowToGetTitle" name="getTitle" time="1.899"/>
</testsuite> <!-- pack1.HowToGetTitle -->
