<?xml version="1.0" encoding="UTF-8"?>
<!-- Generated by org.testng.reporters.JUnitReportReporter -->
<testsuite hostname="DESKTOP-T5HEN8I" failures="0" tests="9" name="dataDrivenPack.DataDriverMyWebsite" time="42.067" errors="0" timestamp="03 Apr 2020 00:23:27 GMT" skipped="0">
  <testcase classname="dataDrivenPack.DataDriverMyWebsite" name="mywebsiteSignUp" time="4.666"/>
  <testcase classname="dataDrivenPack.DataDriverMyWebsite" name="mywebsiteSignUp" time="4.652"/>
  <testcase classname="dataDrivenPack.DataDriverMyWebsite" name="mywebsiteSignUp" time="4.616"/>
  <testcase classname="dataDrivenPack.DataDriverMyWebsite" name="mywebsiteSignUp" time="4.652"/>
  <testcase classname="dataDrivenPack.DataDriverMyWebsite" name="mywebsiteSignUp" time="4.827"/>
  <testcase classname="dataDrivenPack.DataDriverMyWebsite" name="mywebsiteSignUp" time="4.619"/>
  <testcase classname="dataDrivenPack.DataDriverMyWebsite" name="mywebsiteSignUp" time="4.631"/>
  <testcase classname="dataDrivenPack.DataDriverMyWebsite" name="mywebsiteSignUp" time="4.706"/>
  <testcase classname="dataDrivenPack.DataDriverMyWebsite" name="mywebsiteSignUp" time="4.698"/>
</testsuite> <!-- dataDrivenPack.DataDriverMyWebsite -->
