<?xml version="1.0" encoding="UTF-8"?>
<!-- Generated by org.testng.reporters.JUnitReportReporter -->
<testsuite hostname="DESKTOP-T5HEN8I" failures="0" tests="1" name="dataDrivenPack.HowToFindSearchItem" time="8.614" errors="0" timestamp="27 Apr 2020 22:14:53 GMT" skipped="0">
  <testcase classname="dataDrivenPack.HowToFindSearchItem" name="googleSearch" time="8.614"/>
</testsuite> <!-- dataDrivenPack.HowToFindSearchItem -->
