<?xml version="1.0" encoding="UTF-8"?>
<!-- Generated by org.testng.reporters.JUnitReportReporter -->
<testsuite hostname="DESKTOP-T5HEN8I" failures="0" tests="9" name="testngUse.MyWebsite2" time="1.111" errors="0" timestamp="31 Mar 2020 22:22:39 GMT" skipped="0">
  <testcase classname="testngUse.MyWebsite2" name="openUrl" time="0.128"/>
  <testcase classname="testngUse.MyWebsite2" name="enterFirstName" time="0.112"/>
  <testcase classname="testngUse.MyWebsite2" name="enterLastname" time="0.093"/>
  <testcase classname="testngUse.MyWebsite2" name="enterEmail" time="0.174"/>
  <testcase classname="testngUse.MyWebsite2" name="enterConfirmEmail" time="0.100"/>
  <testcase classname="testngUse.MyWebsite2" name="enterPassword" time="0.067"/>
  <testcase classname="testngUse.MyWebsite2" name="selectMonth" time="0.264"/>
  <testcase classname="testngUse.MyWebsite2" name="SelectDay" time="0.077"/>
  <testcase classname="testngUse.MyWebsite2" name="SelectYear" time="0.096"/>
</testsuite> <!-- testngUse.MyWebsite2 -->
