<?xml version="1.0" encoding="UTF-8"?>
<!-- Generated by org.testng.reporters.JUnitReportReporter -->
<testsuite hostname="DESKTOP-T5HEN8I" failures="0" tests="2" name="testngUse.MyWebsite" time="8.870" errors="0" timestamp="02 Apr 2020 23:49:17 GMT" skipped="0">
  <testcase classname="testngUse.MyWebsite" name="mywebsiteSignUp" time="4.076"/>
  <testcase classname="testngUse.MyWebsite" name="mywebsiteSignUp1" time="4.794"/>
</testsuite> <!-- testngUse.MyWebsite -->
